2023-11-20 13:35:24 [lm_classifiers] Label the Swedish text according to how it describes the role of the father in the family.
Possible labels are: 
-passive: this is a category that captures what is sometimes called the classical role given toand taken by fathers, which in essence is a role that does not include engaging with the child in person. Word used in theory might be “custodial parenthood”, “provider”, “breadwinner”, “process parenthood”. This is a person who is important in the life of the child, but is not involved in the hands-on caring and upbringing. Society includes norms and sometimes creates clarifying policies around this father, for his sake, as well as for the sake of the child and the mother. Envisioned indicators might be words denoting the father being the moneymaker or provider, or someone who provides genes or sperm or overall protection or security.
-active_negative: this is a category that captures the negative roles of fathers, such as the oppressive father, the harsh and violent father, as well as neglecting father. Society needs to create policies around this father in order to restrict/stop him. Envisioned indicators are notions such as dangerous, punish (not educate or discipline in a non-aggressive way), aggressive, violent, oppressive, not paying child support.We also have three categories that capture the positive roles of fathers. Society needs to create policies around this father in order to encourage him. These categories are:
-active_positive_caring: this category focuses on what is stereotypically seen as the female parental role. Envisioned indicators would be words such as caring, warm, nurture, understanding, empathy, listening, comfort, confirming.
-active_positive_challenging: this category focuses on what is stereotypically seen as the male parental role. Envisioned indicators would be things like strengthening activity, risk-taking, daring, try your limits, sport, outgoing, education (including reading to child, which is one of the recurring activities in the data).
-active_positive_other: there are also other ways of being active as a father, and this category captures that. Most typically, this category indicates that the father is competent and reliable, and should be trusted with the child, but it does not single out why. Envisioned indicators are general references to competence, capability, responsibility, rights of and trust in fathers to handle information, take parental leave, get a parental allowance, be present in the life of the child, be an unspecified role model (“boys/girls need male role models”).
-not_applicable: not applicable.
Also, the sentences should be labeled as either:
-descriptive: if the sentence describes a state, like “we see that fathers are active”
-ideal: if the sentence is prescriptive, like “we wish for more active fathers”
Furthermore, these roles of father can be either implicit or explicit in the sentences, and should be labeled accordingly.

Text: i båda fallen är modern genetisk mor till barnet .
Label: not_applicable

Text: i de fall socialnämnden inte tar sitt ansvar eller inte lyckas , måste det ändå finnas rätt för nära anhöriga , som mor- och farföräldrar , att hos tingsrätten föra talan om umgänge .
Label: not_applicable

Text: det finns en överrepresentation bland fäder med låg utbildning , låg inkomst och pappor med utländsk bakgrund .
Label: passive, explicit, descriptive

Text: visserligen är det obalans i uttaget av föräldraförsäkringen , men samtidigt är det viktigt att slå fast att fler pappor i dag tar ut föräldraledighet än före införandet av mamma- och pappamånaden .
Label: active_positive_other, explicit, descriptive

Text: om barnets föräldrar varken är gifta eller registrerade samman- boende vid barnets födelse är mamman ensam vårdnadshavare .
Label: passive, implicit, descriptive

Text: bland dem fanns män , kvinnor och barn , unga och gamla , fäder och mödrar , söner och döttrar , makar och syskon .
Label: not_applicable

Text: lagutskottet har tidigare anfört att man anser att den nuvarande ordningen ger betryggande garantier för att det verkligen är den biologiske fadern och inte någon annan som fastställs som far till ett barn ( 0000/00 : lu0 ) .
Label: passive, explicit, descriptive

Text: i isf : s rapport dubbeldagar – pappors väg in i föräldrapenningen dras slutsatsen att pappors uttag under barnets första levnadsår har ökat och att pappor som tidigare valt att ej ta ut föräldrapenning nu börjat ta ut dagar .
Label: active_positive_other, explicit, descriptive

Text: som förutsättning för alt barnavårdsnämnden skall vara skyldig att utreda om annan än den äkta mannen kan vara fader uppställer förslaget - utom att bamet skall ha viss anknytning lill sverige - dels att utredningen skall ha begärts av vårdnadshavare för barnet , d , v , s , normalt modern , eller av den äkta mannen , dels att det skall finnas lämpligt .
Label: passive, explicit, descriptive

Text: genom projektet `` läs för mig pappa '' , knutet till arbetsplatsbibliotek , uppmuntras fäder att både läsa själva och att läsa för sina barn .
Label: active_positive_challenging, explicit, ideal

Text: någon skyldighet att godkänna en utländsk dom om moderskap för barnets sociala eller genetiska mor , eller en utländsk dom om faderskap för en genetisk fars manliga partner , kan däremot inte utläsas av domstolens hittill- svarande praxis .
Label: passive, explicit, descriptive

Text: här uppmanas pappor också att ta ett ansvar som läsande fäder .
Label: active_positive_challenging, explicit, ideal

Text: av barnens svar kan man utläsa att mammor generellt har mer tid för sina barn oavsett i vilken utsträckning de bor med mamma , medan för barnen kan det ge mer tid med pappa när föräldrarna separerar än när de bor ihop under förutsättning att de minst bor halva tiden med pappan .
Label: active_positive_other, implicit, ideal

Text: det är fullt möjligt att kommunicera kring varför för- äldraskapet så lätt upplevs som något som angår mamman mer än pappan , varför pappor kan känna sig som tillräckligt goda fäder trots ett mycket lågt uttag av föräldraledighet , varför mammor ofta tror att de är bättre på att läsa av barnet än vad pappor är , varför pappor uppfattas som hjältar när de gör samma sak som mammor gör av bara farten och tusen andra frågor som har att göra med för- äldraskapet som bekönad position .
Label: active_positive_caring, implicit, ideal

Text: då utmålas oftast pappan som hotfull , våldsam och som en dålig förälder .
Label: active_negative, explicit, descriptive

Text: det vanliga är sedan att våldtäktsmannen -- om det inte var fadern eller en nära släkting som förövat dådet -- betalar flickans föräldrar för att de inte skall anmäla fallet till polisen .
Label: active_negative, implicit, descriptive

Text: för att underlätta för framför allt fäder att öka sitt uttag av föräldrapen­ning föreslås att ersättningen utges med sjukpenningens belopp oberoende av den andre förälderns sjukpenning .
Label: active_positive_other, explicit, ideal

Text: ha föräldrar gemensamt barn i sin värd , utgår föräldrapenning över garanlinivån lill fadern endast under förutsättning att även modern är eller enligt vad förut sagts bort vara försäkrad för sjukpenning som överstiger garantinivån .
Label: passive, explicit, descriptive

Text:  det är också av stor vikt att den ordning som finns för utredningar om faderskap för ogifta ger betryggande garantier för att det verkligen är den biologiska fadern och inte någon annan som fastställs som far till ett barn . 
Label: 
2023-11-20 13:35:39 [lm_classifiers] Processed 20 sentences
2023-11-20 13:35:50 [lm_classifiers] Processed 40 sentences
2023-11-20 13:36:01 [lm_classifiers] Processed 60 sentences
2023-11-20 13:36:10 [lm_classifiers] Processed 80 sentences
2023-11-20 13:36:19 [lm_classifiers] Processed 100 sentences
2023-11-20 13:36:28 [lm_classifiers] Processed 120 sentences
2023-11-20 13:36:30 [lm_classifiers] Prompt n.122 was too long, so we removed words from it. Approx original length: 4202; Approx new length: 4202
2023-11-20 13:36:31 [lm_classifiers] Prompt n.124 was too long, so we removed words from it. Approx original length: 4955; Approx new length: 4955
2023-11-20 13:36:32 [lm_classifiers] Prompt n.128 was too long, so we removed words from it. Approx original length: 5237; Approx new length: 5237
2023-11-20 13:36:38 [lm_classifiers] Prompt n.138 was too long, so we removed words from it. Approx original length: 4493; Approx new length: 4493
2023-11-20 13:36:38 [lm_classifiers] Processed 140 sentences
2023-11-20 13:36:48 [lm_classifiers] Processed 160 sentences
2023-11-20 13:36:56 [lm_classifiers] Processed 180 sentences
2023-11-20 13:37:05 [lm_classifiers] Processed 200 sentences
2023-11-20 13:37:15 [lm_classifiers] Processed 220 sentences
2023-11-20 13:37:24 [lm_classifiers] Processed 240 sentences
2023-11-20 13:37:34 [lm_classifiers] Processed 260 sentences
2023-11-20 13:37:43 [lm_classifiers] Processed 280 sentences
2023-11-20 13:37:52 [lm_classifiers] Processed 300 sentences
2023-11-20 13:38:01 [lm_classifiers] Processed 320 sentences
2023-11-20 13:38:08 [lm_classifiers] Prompt n.332 was too long, so we removed words from it. Approx original length: 4202; Approx new length: 4202
2023-11-20 13:38:11 [lm_classifiers] Processed 340 sentences
2023-11-20 13:38:21 [lm_classifiers] Processed 360 sentences
2023-11-20 13:38:30 [lm_classifiers] Processed 380 sentences
2023-11-20 13:38:39 [lm_classifiers] Processed 400 sentences
2023-11-20 13:38:49 [lm_classifiers] Processed 420 sentences
2023-11-20 13:38:58 [lm_classifiers] Prompt n.436 was too long, so we removed words from it. Approx original length: 6323; Approx new length: 6187
2023-11-20 13:38:58 [lm_classifiers] Error in generating prediction for prompt n.436: This model's maximum context length is 4097 tokens, however you requested 4350 tokens (4335 in your prompt; 15 for the completion). Please reduce your prompt; or completion length.
2023-11-20 13:38:58 [lm_classifiers] Selected default label "not_applicable" for prompt n.436.
2023-11-20 13:38:59 [lm_classifiers] Processed 440 sentences
2023-11-20 13:39:09 [lm_classifiers] Processed 460 sentences
2023-11-20 13:39:18 [lm_classifiers] Processed 480 sentences
2023-11-20 13:39:28 [lm_classifiers] Processed 500 sentences
2023-11-20 13:39:38 [lm_classifiers] Processed 520 sentences
2023-11-20 13:39:47 [lm_classifiers] Processed 540 sentences
2023-11-20 13:39:54 [lm_classifiers] Prompt n.553 was too long, so we removed words from it. Approx original length: 4113; Approx new length: 4113
2023-11-20 13:39:56 [lm_classifiers] Processed 560 sentences
2023-11-20 13:39:58 [lm_classifiers] Prompt n.562 was too long, so we removed words from it. Approx original length: 4284; Approx new length: 4284
2023-11-20 13:40:05 [lm_classifiers] Processed 580 sentences
2023-11-20 13:40:15 [lm_classifiers] Processed 600 sentences
2023-11-20 13:40:24 [lm_classifiers] Processed 620 sentences
2023-11-20 13:40:32 [lm_classifiers] Processed 640 sentences
2023-11-20 13:40:42 [lm_classifiers] Processed 660 sentences
2023-11-20 13:40:50 [lm_classifiers] Prompt n.677 was too long, so we removed words from it. Approx original length: 4902; Approx new length: 4902
2023-11-20 13:40:52 [lm_classifiers] Processed 680 sentences
2023-11-20 13:40:55 [lm_classifiers] Prompt n.685 was too long, so we removed words from it. Approx original length: 4712; Approx new length: 4712
2023-11-20 13:40:55 [lm_classifiers] Prompt n.686 was too long, so we removed words from it. Approx original length: 6779; Approx new length: 6187
2023-11-20 13:40:56 [lm_classifiers] Error in generating prediction for prompt n.686: This model's maximum context length is 4097 tokens, however you requested 4420 tokens (4405 in your prompt; 15 for the completion). Please reduce your prompt; or completion length.
2023-11-20 13:40:56 [lm_classifiers] Selected default label "not_applicable" for prompt n.686.
2023-11-20 13:41:01 [lm_classifiers] Processed 700 sentences
2023-11-20 13:41:11 [lm_classifiers] Processed 720 sentences
2023-11-20 13:41:20 [lm_classifiers] Processed 740 sentences
2023-11-20 13:41:30 [lm_classifiers] Processed 760 sentences
2023-11-20 13:41:40 [lm_classifiers] Processed 780 sentences
2023-11-20 13:41:50 [lm_classifiers] Processed 800 sentences
2023-11-20 13:42:00 [lm_classifiers] Processed 820 sentences
2023-11-20 13:42:10 [lm_classifiers] Processed 840 sentences
2023-11-20 13:42:19 [lm_classifiers] Processed 860 sentences
2023-11-20 13:42:25 [lm_classifiers] Prompt n.872 was too long, so we removed words from it. Approx original length: 8239; Approx new length: 6187
2023-11-20 13:42:25 [lm_classifiers] Error in generating prediction for prompt n.872: This model's maximum context length is 4097 tokens, however you requested 4557 tokens (4542 in your prompt; 15 for the completion). Please reduce your prompt; or completion length.
2023-11-20 13:42:25 [lm_classifiers] Selected default label "not_applicable" for prompt n.872.
2023-11-20 13:42:28 [lm_classifiers] Processed 880 sentences
2023-11-20 13:42:30 [lm_classifiers] Prompt n.882 was too long, so we removed words from it. Approx original length: 5934; Approx new length: 5934
2023-11-20 13:42:30 [lm_classifiers] Error in generating prediction for prompt n.882: This model's maximum context length is 4097 tokens, however you requested 4203 tokens (4188 in your prompt; 15 for the completion). Please reduce your prompt; or completion length.
2023-11-20 13:42:30 [lm_classifiers] Selected default label "not_applicable" for prompt n.882.
2023-11-20 13:42:38 [lm_classifiers] Processed 900 sentences
2023-11-20 13:42:48 [lm_classifiers] Processed 920 sentences
2023-11-20 13:42:58 [lm_classifiers] Processed 940 sentences
2023-11-20 13:43:09 [lm_classifiers] Processed 960 sentences
2023-11-20 13:43:18 [lm_classifiers] Processed 980 sentences
2023-11-20 13:43:27 [lm_classifiers] Processed 1000 sentences
2023-11-20 13:43:36 [lm_classifiers] Processed 1020 sentences
2023-11-20 13:43:47 [lm_classifiers] Processed 1040 sentences
2023-11-20 13:43:56 [lm_classifiers] Processed 1060 sentences
2023-11-20 13:44:05 [lm_classifiers] Processed 1080 sentences
2023-11-20 13:44:14 [lm_classifiers] Processed 1100 sentences
2023-11-20 13:44:24 [lm_classifiers] Processed 1120 sentences
2023-11-20 13:44:33 [lm_classifiers] Processed 1140 sentences
2023-11-20 13:44:43 [lm_classifiers] Processed 1160 sentences
2023-11-20 13:44:52 [lm_classifiers] Processed 1180 sentences
2023-11-20 13:45:01 [lm_classifiers] Processed 1200 sentences
2023-11-20 13:45:06 [lm_classifiers] Prompt n.1208 was too long, so we removed words from it. Approx original length: 4743; Approx new length: 4743
2023-11-20 13:45:11 [lm_classifiers] Processed 1220 sentences
2023-11-20 13:45:15 [lm_classifiers] Prompt n.1228 was too long, so we removed words from it. Approx original length: 6504; Approx new length: 6187
2023-11-20 13:45:21 [lm_classifiers] Processed 1240 sentences
2023-11-20 13:45:31 [lm_classifiers] Processed 1260 sentences
2023-11-20 13:45:40 [lm_classifiers] Processed 1280 sentences
2023-11-20 13:45:51 [lm_classifiers] Processed 1300 sentences
2023-11-20 13:45:55 [lm_classifiers] Prompt n.1309 was too long, so we removed words from it. Approx original length: 4392; Approx new length: 4392
2023-11-20 13:45:57 [lm_classifiers] Prompt n.1312 was too long, so we removed words from it. Approx original length: 4392; Approx new length: 4392
2023-11-20 13:46:00 [lm_classifiers] Processed 1320 sentences
2023-11-20 13:46:10 [lm_classifiers] Processed 1340 sentences
2023-11-20 13:46:20 [lm_classifiers] Processed 1360 sentences
2023-11-20 13:46:24 [lm_classifiers] Prompt n.1366 was too long, so we removed words from it. Approx original length: 4164; Approx new length: 4164
2023-11-20 13:46:30 [lm_classifiers] Processed 1380 sentences
2023-11-20 13:46:41 [lm_classifiers] Processed 1400 sentences
2023-11-20 13:46:52 [lm_classifiers] Processed 1420 sentences
2023-11-20 13:46:56 [lm_classifiers] Prompt n.1429 was too long, so we removed words from it. Approx original length: 4420; Approx new length: 4420
2023-11-20 13:47:02 [lm_classifiers] Processed 1440 sentences
2023-11-20 13:47:11 [lm_classifiers] Processed 1460 sentences
2023-11-20 13:47:20 [lm_classifiers] Processed 1480 sentences
2023-11-20 13:47:30 [lm_classifiers] Processed 1500 sentences
2023-11-20 13:47:40 [lm_classifiers] Processed 1520 sentences
2023-11-20 13:47:47 [lm_classifiers] Prompt n.1536 was too long, so we removed words from it. Approx original length: 4119; Approx new length: 4119
2023-11-20 13:47:48 [lm_classifiers] Prompt n.1539 was too long, so we removed words from it. Approx original length: 5282; Approx new length: 5282
2023-11-20 13:47:48 [lm_classifiers] Processed 1540 sentences
2023-11-20 13:47:57 [lm_classifiers] Processed 1560 sentences
2023-11-20 13:48:06 [lm_classifiers] Processed 1580 sentences
2023-11-20 13:48:17 [lm_classifiers] Processed 1600 sentences
2023-11-20 13:48:26 [lm_classifiers] Processed 1620 sentences
2023-11-20 13:48:35 [lm_classifiers] Processed 1640 sentences
2023-11-20 13:48:40 [lm_classifiers] Prompt n.1652 was too long, so we removed words from it. Approx original length: 4157; Approx new length: 4157
2023-11-20 13:48:44 [lm_classifiers] Processed 1660 sentences
2023-11-20 13:48:52 [lm_classifiers] Processed 1680 sentences
2023-11-20 13:48:54 [lm_classifiers] Prompt n.1682 was too long, so we removed words from it. Approx original length: 4275; Approx new length: 4275
2023-11-20 13:49:02 [lm_classifiers] Processed 1700 sentences
2023-11-20 13:49:06 [lm_classifiers] Prompt n.1707 was too long, so we removed words from it. Approx original length: 4721; Approx new length: 4721
2023-11-20 13:49:12 [lm_classifiers] Processed 1720 sentences
2023-11-20 13:49:15 [lm_classifiers] Prompt n.1726 was too long, so we removed words from it. Approx original length: 4290; Approx new length: 4290
2023-11-20 13:49:16 [lm_classifiers] Prompt n.1727 was too long, so we removed words from it. Approx original length: 4287; Approx new length: 4287
2023-11-20 13:49:19 [lm_classifiers] Prompt n.1733 was too long, so we removed words from it. Approx original length: 4693; Approx new length: 4693
2023-11-20 13:49:22 [lm_classifiers] Processed 1740 sentences
2023-11-20 13:49:31 [lm_classifiers] Processed 1760 sentences
2023-11-20 13:49:33 [lm_classifiers] Prompt n.1763 was too long, so we removed words from it. Approx original length: 17065; Approx new length: 6187
2023-11-20 13:49:33 [lm_classifiers] Error in generating prediction for prompt n.1763: This model's maximum context length is 4097 tokens, however you requested 4704 tokens (4689 in your prompt; 15 for the completion). Please reduce your prompt; or completion length.
2023-11-20 13:49:33 [lm_classifiers] Selected default label "not_applicable" for prompt n.1763.
2023-11-20 13:49:33 [lm_classifiers] Prompt n.1764 was too long, so we removed words from it. Approx original length: 11947; Approx new length: 6187
2023-11-20 13:49:33 [lm_classifiers] Error in generating prediction for prompt n.1764: This model's maximum context length is 4097 tokens, however you requested 4573 tokens (4558 in your prompt; 15 for the completion). Please reduce your prompt; or completion length.
2023-11-20 13:49:33 [lm_classifiers] Selected default label "not_applicable" for prompt n.1764.
2023-11-20 13:49:40 [lm_classifiers] Processed 1780 sentences
2023-11-20 13:49:40 [lm_classifiers] Prompt n.1781 was too long, so we removed words from it. Approx original length: 6152; Approx new length: 6152
2023-11-20 13:49:41 [lm_classifiers] Error in generating prediction for prompt n.1781: This model's maximum context length is 4097 tokens, however you requested 4850 tokens (4835 in your prompt; 15 for the completion). Please reduce your prompt; or completion length.
2023-11-20 13:49:41 [lm_classifiers] Selected default label "not_applicable" for prompt n.1781.
2023-11-20 13:49:49 [lm_classifiers] Processed 1800 sentences
2023-11-20 13:49:58 [lm_classifiers] Prompt n.1817 was too long, so we removed words from it. Approx original length: 4930; Approx new length: 4930
2023-11-20 13:49:59 [lm_classifiers] Processed 1820 sentences
2023-11-20 13:50:08 [lm_classifiers] Processed 1840 sentences
2023-11-20 13:50:10 [lm_classifiers] Prompt n.1843 was too long, so we removed words from it. Approx original length: 4487; Approx new length: 4487
2023-11-20 13:50:17 [lm_classifiers] Processed 1860 sentences
2023-11-20 13:50:27 [lm_classifiers] Processed 1880 sentences
2023-11-20 13:50:36 [lm_classifiers] Processed 1900 sentences
